<?xml version="1.0" encoding="UTF-8"?>
<!-- Generated by org.testng.reporters.JUnitReportReporter -->
<testsuite hostname="Sai" failures="0" tests="1" name="task.copy.Task3" time="3.301" errors="0" timestamp="2025-07-03T00:27:37 IST" skipped="0">
  <testcase classname="task.copy.Task3" name="testCase3" time="3.301"/>
  <system-out/>
</testsuite> <!-- task.copy.Task3 -->
