<?xml version="1.0" encoding="UTF-8"?>
<!-- Generated by org.testng.reporters.JUnitReportReporter -->
<testsuite hostname="Sai" failures="0" tests="1" name="task.Task3" time="3.091" errors="0" timestamp="2025-07-03T00:36:37 IST" skipped="0">
  <testcase classname="task.Task3" name="testCase3" time="3.091"/>
  <system-out/>
</testsuite> <!-- task.Task3 -->
