<?xml version="1.0" encoding="UTF-8"?>
<!-- Generated by org.testng.reporters.JUnitReportReporter -->
<testsuite hostname="Sai" failures="0" tests="1" name="task.Task" time="10.477" errors="0" timestamp="2025-06-28T16:22:44 IST" skipped="0">
  <testcase classname="task.Task" name="testCase1" time="10.477"/>
  <system-out/>
</testsuite> <!-- task.Task -->
