<?xml version="1.0" encoding="UTF-8"?>
<!-- Generated by org.testng.reporters.JUnitReportReporter -->
<testsuite hostname="Sai" failures="0" tests="1" name="task.copy.Task1" time="2.877" errors="0" timestamp="2025-07-03T00:27:37 IST" skipped="0">
  <testcase classname="task.copy.Task1" name="testCase1" time="2.877"/>
  <system-out/>
</testsuite> <!-- task.copy.Task1 -->
