<?xml version="1.0" encoding="UTF-8"?>
<!-- Generated by org.testng.reporters.JUnitReportReporter -->
<testsuite hostname="Sai" failures="0" tests="1" name="task.Task1" time="3.612" errors="0" timestamp="2025-07-03T00:36:37 IST" skipped="0">
  <testcase classname="task.Task1" name="testCase1" time="3.612"/>
  <system-out/>
</testsuite> <!-- task.Task1 -->
